2020-07-24T17:49:12.286Z [server] info: Neochess server started at port undefined
2020-07-24T17:49:35.963Z [server] info: Neochess server started at port 8085
2020-07-24T18:09:06.667Z [server] info: Neochess server started at port 8085
2020-07-24T18:09:39.829Z [server] info: Neochess server started at port 8085
2020-07-24T18:10:34.146Z [server] info: Neochess server started at port 8085
2020-07-24T18:12:38.901Z [server] info: Neochess server started at port 8085
2020-07-24T18:12:53.766Z [server] info: Neochess server started at port 8085
2020-07-24T18:12:55.209Z [game_controller] info: new game [username: undefined]
2020-07-24T18:13:08.433Z [game_controller] info: new game [username: null]
2020-07-24T18:13:10.570Z [game_controller] info: new game [username: null]
2020-07-24T18:13:11.969Z [game_controller] info: new game [username: null]
2020-07-24T18:14:28.168Z [server] info: Neochess server started at port 8085
2020-07-24T18:14:51.440Z [server] info: neochess server started at port 8085
2020-07-24T18:14:54.426Z [server] info: neochess server started at port 8085
2020-07-24T18:15:02.581Z [game_controller] info: new game [username: undefined]
2020-07-24T18:15:08.511Z [game_controller] info: new game [username: null]
2020-07-24T18:16:48.529Z [server] info: neochess server started at port 8085
2020-07-24T18:18:01.301Z [server] info: neochess server started at port 8085
2020-07-24T18:18:04.656Z [server] info: neochess server started at port 8085
2020-07-24T18:18:22.440Z [server] info: neochess server started at port 8085
2020-07-24T18:19:28.202Z [server] info: neochess server started at port 8085
